mode: atomic
github.com/cubny/lite-reader/cmd/main.go:12.13,21.16 7 0
github.com/cubny/lite-reader/cmd/main.go:21.16,23.3 1 0
github.com/cubny/lite-reader/cmd/main.go:25.2,28.34 3 0
github.com/cubny/lite-reader/cmd/main.go:28.34,30.3 1 0
github.com/cubny/lite-reader/internal/app.go:60.65,66.18 5 1
github.com/cubny/lite-reader/internal/app.go:66.18,68.3 1 0
github.com/cubny/lite-reader/internal/app.go:69.2,74.17 5 1
github.com/cubny/lite-reader/internal/app.go:77.46,78.18 1 15
github.com/cubny/lite-reader/internal/app.go:78.18,80.3 1 8
github.com/cubny/lite-reader/internal/app.go:81.2,81.13 1 7
github.com/cubny/lite-reader/internal/app.go:84.33,85.33 1 2
github.com/cubny/lite-reader/internal/app.go:85.33,86.59 1 1
github.com/cubny/lite-reader/internal/app.go:86.59,91.62 5 1
github.com/cubny/lite-reader/internal/app.go:91.62,93.24 2 0
github.com/cubny/lite-reader/internal/app.go:93.24,96.6 2 0
github.com/cubny/lite-reader/internal/app.go:98.4,99.24 2 1
github.com/cubny/lite-reader/internal/app.go:99.24,102.5 2 0
github.com/cubny/lite-reader/internal/app.go:104.3,104.11 1 1
github.com/cubny/lite-reader/internal/app.go:108.36,109.33 1 2
github.com/cubny/lite-reader/internal/app.go:109.33,111.73 2 1
github.com/cubny/lite-reader/internal/app.go:111.73,114.4 2 0
github.com/cubny/lite-reader/internal/app.go:115.3,117.11 2 1
github.com/cubny/lite-reader/internal/app.go:121.31,122.33 1 2
github.com/cubny/lite-reader/internal/app.go:122.33,127.3 4 1
github.com/cubny/lite-reader/internal/app.go:129.33,131.15 1 2
github.com/cubny/lite-reader/internal/app.go:131.15,133.18 2 1
github.com/cubny/lite-reader/internal/app.go:133.18,135.5 1 0
github.com/cubny/lite-reader/internal/app.go:137.4,138.12 2 1
github.com/cubny/lite-reader/internal/app.go:143.30,144.33 1 1
github.com/cubny/lite-reader/internal/app.go:144.33,147.52 2 0
github.com/cubny/lite-reader/internal/app.go:147.52,150.4 2 0
github.com/cubny/lite-reader/internal/app.go:152.3,152.74 1 0
github.com/cubny/lite-reader/internal/app.go:152.74,154.4 1 0
github.com/cubny/lite-reader/internal/app.go:156.3,156.11 1 0
github.com/cubny/lite-reader/internal/app.go:160.35,161.33 1 2
github.com/cubny/lite-reader/internal/app.go:161.33,175.3 11 1
github.com/cubny/lite-reader/internal/app.go:178.36,179.33 1 2
github.com/cubny/lite-reader/internal/app.go:179.33,186.3 5 1
github.com/cubny/lite-reader/internal/app.go:189.36,193.51 4 1
github.com/cubny/lite-reader/internal/app.go:193.51,196.3 2 0
github.com/cubny/lite-reader/internal/app.go:197.2,198.10 2 1
github.com/cubny/lite-reader/internal/app.go:201.36,202.33 1 2
github.com/cubny/lite-reader/internal/app.go:202.33,204.17 2 1
github.com/cubny/lite-reader/internal/app.go:204.17,207.4 2 0
github.com/cubny/lite-reader/internal/app.go:208.3,214.13 2 1
github.com/cubny/lite-reader/internal/app.go:214.13,216.54 2 1
github.com/cubny/lite-reader/internal/app.go:216.54,218.5 1 1
github.com/cubny/lite-reader/internal/app.go:221.3,221.11 1 1
github.com/cubny/lite-reader/internal/app.go:225.28,227.24 2 2
github.com/cubny/lite-reader/internal/app.go:227.24,229.3 1 1
github.com/cubny/lite-reader/internal/app.go:230.2,230.12 1 2
github.com/cubny/lite-reader/internal/app.go:233.24,237.2 3 0
github.com/cubny/lite-reader/internal/app/feed/service.go:20.83,26.2 1 11
github.com/cubny/lite-reader/internal/app/feed/service.go:28.71,30.9 2 6
github.com/cubny/lite-reader/internal/app/feed/service.go:31.53,33.21 2 3
github.com/cubny/lite-reader/internal/app/feed/service.go:33.21,35.4 1 1
github.com/cubny/lite-reader/internal/app/feed/service.go:36.3,36.30 1 2
github.com/cubny/lite-reader/internal/app/feed/service.go:36.30,38.18 2 2
github.com/cubny/lite-reader/internal/app/feed/service.go:38.18,39.10 1 1
github.com/cubny/lite-reader/internal/app/feed/service.go:42.18,43.55 1 1
github.com/cubny/lite-reader/internal/app/feed/service.go:46.2,46.23 1 4
github.com/cubny/lite-reader/internal/app/feed/service.go:46.23,48.3 1 1
github.com/cubny/lite-reader/internal/app/feed/service.go:50.2,62.16 3 3
github.com/cubny/lite-reader/internal/app/feed/service.go:62.16,64.3 1 1
github.com/cubny/lite-reader/internal/app/feed/service.go:66.2,68.18 2 2
github.com/cubny/lite-reader/internal/app/feed/service.go:71.62,73.2 1 1
github.com/cubny/lite-reader/internal/app/feed/service.go:75.68,77.16 2 3
github.com/cubny/lite-reader/internal/app/feed/service.go:77.16,79.3 1 1
github.com/cubny/lite-reader/internal/app/feed/service.go:81.2,82.16 2 2
github.com/cubny/lite-reader/internal/app/feed/service.go:82.16,84.3 1 1
github.com/cubny/lite-reader/internal/app/feed/service.go:86.2,87.37 2 1
github.com/cubny/lite-reader/internal/app/feed/service.go:87.37,99.3 3 2
github.com/cubny/lite-reader/internal/app/feed/service.go:101.2,101.19 1 1
github.com/cubny/lite-reader/internal/app/feed/service.go:104.68,106.2 1 1
github.com/cubny/lite-reader/internal/app/item/service.go:7.53,9.2 1 20
github.com/cubny/lite-reader/internal/app/item/service.go:11.57,13.2 1 2
github.com/cubny/lite-reader/internal/app/item/service.go:15.58,17.2 1 2
github.com/cubny/lite-reader/internal/app/item/service.go:19.83,21.2 1 2
github.com/cubny/lite-reader/internal/app/item/service.go:23.70,25.2 1 2
github.com/cubny/lite-reader/internal/app/item/service.go:27.68,29.2 1 2
github.com/cubny/lite-reader/internal/app/item/service.go:31.74,33.2 1 2
github.com/cubny/lite-reader/internal/app/item/service.go:35.78,37.2 1 2
github.com/cubny/lite-reader/internal/app/item/service.go:39.59,41.2 1 2
github.com/cubny/lite-reader/internal/app/item/service.go:43.58,45.2 1 2
github.com/cubny/lite-reader/internal/app/item/service.go:47.78,49.2 1 2
github.com/cubny/lite-reader/internal/app/auth/command.go:14.41,15.39 1 0
github.com/cubny/lite-reader/internal/app/auth/command.go:15.39,17.3 1 0
github.com/cubny/lite-reader/internal/app/auth/command.go:18.2,18.12 1 0
github.com/cubny/lite-reader/internal/app/auth/command.go:27.42,28.66 1 0
github.com/cubny/lite-reader/internal/app/auth/command.go:28.66,30.3 1 0
github.com/cubny/lite-reader/internal/app/auth/command.go:31.2,31.37 1 0
github.com/cubny/lite-reader/internal/app/auth/command.go:31.37,33.3 1 0
github.com/cubny/lite-reader/internal/app/auth/command.go:34.2,34.41 1 0
github.com/cubny/lite-reader/internal/app/auth/command.go:34.41,36.3 1 0
github.com/cubny/lite-reader/internal/app/auth/command.go:37.2,37.12 1 0
github.com/cubny/lite-reader/internal/app/auth/service.go:15.43,17.2 1 10
github.com/cubny/lite-reader/internal/app/auth/service.go:19.72,21.16 2 3
github.com/cubny/lite-reader/internal/app/auth/service.go:21.16,23.3 1 1
github.com/cubny/lite-reader/internal/app/auth/service.go:25.2,25.105 1 2
github.com/cubny/lite-reader/internal/app/auth/service.go:25.105,27.3 1 1
github.com/cubny/lite-reader/internal/app/auth/service.go:30.2,31.16 2 1
github.com/cubny/lite-reader/internal/app/auth/service.go:31.16,33.3 1 0
github.com/cubny/lite-reader/internal/app/auth/service.go:35.2,40.8 1 1
github.com/cubny/lite-reader/internal/app/auth/service.go:43.56,46.16 2 3
github.com/cubny/lite-reader/internal/app/auth/service.go:46.16,48.3 1 1
github.com/cubny/lite-reader/internal/app/auth/service.go:51.2,52.16 2 2
github.com/cubny/lite-reader/internal/app/auth/service.go:52.16,54.3 1 0
github.com/cubny/lite-reader/internal/app/auth/service.go:56.2,57.9 2 2
github.com/cubny/lite-reader/internal/app/auth/service.go:58.18,59.13 1 1
github.com/cubny/lite-reader/internal/app/auth/service.go:60.65,61.48 1 0
github.com/cubny/lite-reader/internal/app/auth/service.go:62.10,63.13 1 1
github.com/cubny/lite-reader/internal/app/auth/service.go:67.62,69.16 2 2
github.com/cubny/lite-reader/internal/app/auth/service.go:69.16,71.3 1 1
github.com/cubny/lite-reader/internal/app/auth/service.go:73.2,73.21 1 1
github.com/cubny/lite-reader/internal/app/auth/service.go:76.50,78.2 1 2
github.com/cubny/lite-reader/internal/infra/http/api/middleware/middleware.go:29.48,31.2 1 0
github.com/cubny/lite-reader/internal/infra/http/api/middleware/middleware.go:34.70,37.51 2 0
github.com/cubny/lite-reader/internal/infra/http/api/middleware/middleware.go:37.51,40.20 2 0
github.com/cubny/lite-reader/internal/infra/http/api/middleware/middleware.go:40.20,42.12 2 0
github.com/cubny/lite-reader/internal/infra/http/api/middleware/middleware.go:45.3,45.30 1 0
github.com/cubny/lite-reader/internal/infra/http/api/middleware/middleware.go:48.2,48.15 1 0
github.com/cubny/lite-reader/internal/infra/http/api/middleware/middleware.go:52.64,53.76 1 0
github.com/cubny/lite-reader/internal/infra/http/api/middleware/middleware.go:53.76,56.3 2 0
github.com/cubny/lite-reader/internal/infra/http/api/middleware/middleware.go:59.57,60.56 1 0
github.com/cubny/lite-reader/internal/infra/http/api/middleware/middleware.go:60.56,61.77 1 0
github.com/cubny/lite-reader/internal/infra/http/api/middleware/middleware.go:61.77,66.57 3 0
github.com/cubny/lite-reader/internal/infra/http/api/middleware/middleware.go:66.57,69.5 2 0
github.com/cubny/lite-reader/internal/infra/http/api/middleware/middleware.go:72.4,73.18 2 0
github.com/cubny/lite-reader/internal/infra/http/api/middleware/middleware.go:73.18,76.5 2 0
github.com/cubny/lite-reader/internal/infra/http/api/middleware/middleware.go:78.4,79.36 2 0
github.com/cubny/lite-reader/internal/infra/http/api/middleware/middleware.go:79.36,82.5 2 0
github.com/cubny/lite-reader/internal/infra/http/api/middleware/middleware.go:85.4,88.18 3 0
github.com/cubny/lite-reader/internal/infra/http/api/middleware/middleware.go:93.58,95.22 2 0
github.com/cubny/lite-reader/internal/infra/http/api/middleware/middleware.go:95.22,97.3 1 0
github.com/cubny/lite-reader/internal/infra/http/api/middleware/middleware.go:99.2,99.56 1 0
github.com/cubny/lite-reader/internal/infra/http/api/middleware/middleware.go:99.56,101.3 1 0
github.com/cubny/lite-reader/internal/infra/http/api/middleware/middleware.go:103.2,103.28 1 0
github.com/cubny/lite-reader/internal/infra/http/api/middleware/middleware.go:106.71,114.16 3 0
github.com/cubny/lite-reader/internal/infra/http/api/middleware/middleware.go:114.16,117.3 2 0
github.com/cubny/lite-reader/internal/config/config.go:29.48,31.52 2 1
github.com/cubny/lite-reader/internal/config/config.go:31.52,33.3 1 0
github.com/cubny/lite-reader/internal/config/config.go:34.2,34.17 1 1
github.com/cubny/lite-reader/internal/infra/sqlite/auth/auth.go:26.32,28.2 1 0
github.com/cubny/lite-reader/internal/infra/sqlite/auth/auth.go:30.63,33.16 3 0
github.com/cubny/lite-reader/internal/infra/sqlite/auth/auth.go:33.16,35.3 1 0
github.com/cubny/lite-reader/internal/infra/sqlite/auth/auth.go:36.2,36.19 1 0
github.com/cubny/lite-reader/internal/infra/sqlite/auth/auth.go:39.55,42.2 2 0
github.com/cubny/lite-reader/internal/infra/sqlite/auth/auth.go:44.50,46.16 2 0
github.com/cubny/lite-reader/internal/infra/sqlite/auth/auth.go:46.16,48.3 1 0
github.com/cubny/lite-reader/internal/infra/sqlite/auth/auth.go:49.2,49.15 1 0
github.com/cubny/lite-reader/internal/infra/sqlite/auth/auth.go:49.15,51.17 2 0
github.com/cubny/lite-reader/internal/infra/sqlite/auth/auth.go:51.17,53.4 1 0
github.com/cubny/lite-reader/internal/infra/sqlite/auth/auth.go:56.2,57.18 2 0
github.com/cubny/lite-reader/internal/infra/sqlite/auth/auth.go:57.18,59.74 2 0
github.com/cubny/lite-reader/internal/infra/sqlite/auth/auth.go:59.74,61.4 1 0
github.com/cubny/lite-reader/internal/infra/sqlite/auth/auth.go:62.3,62.31 1 0
github.com/cubny/lite-reader/internal/infra/sqlite/auth/auth.go:65.2,65.19 1 0
github.com/cubny/lite-reader/internal/infra/sqlite/auth/auth.go:68.48,70.16 2 0
github.com/cubny/lite-reader/internal/infra/sqlite/auth/auth.go:70.16,71.36 1 0
github.com/cubny/lite-reader/internal/infra/sqlite/auth/auth.go:71.36,73.4 1 0
github.com/cubny/lite-reader/internal/infra/sqlite/auth/auth.go:74.3,74.13 1 0
github.com/cubny/lite-reader/internal/infra/sqlite/auth/auth.go:78.2,78.97 1 0
github.com/cubny/lite-reader/internal/infra/sqlite/auth/auth.go:78.97,80.3 1 0
github.com/cubny/lite-reader/internal/infra/sqlite/auth/auth.go:82.2,82.12 1 0
github.com/cubny/lite-reader/internal/infra/sqlite/auth/auth.go:85.63,101.16 3 0
github.com/cubny/lite-reader/internal/infra/sqlite/auth/auth.go:101.16,103.3 1 0
github.com/cubny/lite-reader/internal/infra/sqlite/auth/auth.go:105.2,105.21 1 0
github.com/cubny/lite-reader/internal/infra/sqlite/auth/auth.go:108.69,116.16 3 0
github.com/cubny/lite-reader/internal/infra/sqlite/auth/auth.go:116.16,118.3 1 0
github.com/cubny/lite-reader/internal/infra/sqlite/auth/auth.go:119.2,119.22 1 0
github.com/cubny/lite-reader/internal/infra/sqlite/auth/auth.go:122.35,124.40 2 0
github.com/cubny/lite-reader/internal/infra/sqlite/auth/auth.go:124.40,126.3 1 0
github.com/cubny/lite-reader/internal/infra/sqlite/auth/auth.go:127.2,127.30 1 0
github.com/cubny/lite-reader/internal/infra/sqlite/feed/feed.go:16.32,18.2 1 0
github.com/cubny/lite-reader/internal/infra/sqlite/feed/feed.go:20.49,23.16 2 0
github.com/cubny/lite-reader/internal/infra/sqlite/feed/feed.go:23.16,25.3 1 0
github.com/cubny/lite-reader/internal/infra/sqlite/feed/feed.go:26.2,27.16 2 0
github.com/cubny/lite-reader/internal/infra/sqlite/feed/feed.go:27.16,29.3 1 0
github.com/cubny/lite-reader/internal/infra/sqlite/feed/feed.go:30.2,30.31 1 0
github.com/cubny/lite-reader/internal/infra/sqlite/feed/feed.go:33.50,38.16 3 0
github.com/cubny/lite-reader/internal/infra/sqlite/feed/feed.go:38.16,40.3 1 0
github.com/cubny/lite-reader/internal/infra/sqlite/feed/feed.go:41.2,41.15 1 0
github.com/cubny/lite-reader/internal/infra/sqlite/feed/feed.go:41.15,42.37 1 0
github.com/cubny/lite-reader/internal/infra/sqlite/feed/feed.go:42.37,43.14 1 0
github.com/cubny/lite-reader/internal/infra/sqlite/feed/feed.go:46.2,46.18 1 0
github.com/cubny/lite-reader/internal/infra/sqlite/feed/feed.go:46.18,48.3 1 0
github.com/cubny/lite-reader/internal/infra/sqlite/feed/feed.go:49.2,49.17 1 0
github.com/cubny/lite-reader/internal/infra/sqlite/feed/feed.go:52.58,58.16 3 0
github.com/cubny/lite-reader/internal/infra/sqlite/feed/feed.go:58.16,60.3 1 0
github.com/cubny/lite-reader/internal/infra/sqlite/feed/feed.go:61.2,61.15 1 0
github.com/cubny/lite-reader/internal/infra/sqlite/feed/feed.go:61.15,62.37 1 0
github.com/cubny/lite-reader/internal/infra/sqlite/feed/feed.go:62.37,63.14 1 0
github.com/cubny/lite-reader/internal/infra/sqlite/feed/feed.go:66.2,66.28 1 0
github.com/cubny/lite-reader/internal/infra/sqlite/feed/feed.go:69.39,72.2 2 0
github.com/cubny/lite-reader/internal/infra/sqlite/feed/feed.go:74.60,76.20 2 0
github.com/cubny/lite-reader/internal/infra/sqlite/feed/feed.go:76.20,78.17 2 0
github.com/cubny/lite-reader/internal/infra/sqlite/feed/feed.go:78.17,80.4 1 0
github.com/cubny/lite-reader/internal/infra/sqlite/feed/feed.go:81.3,81.27 1 0
github.com/cubny/lite-reader/internal/infra/sqlite/feed/feed.go:83.2,83.19 1 0
github.com/cubny/lite-reader/internal/infra/sqlite/feed/feed.go:86.57,90.16 4 0
github.com/cubny/lite-reader/internal/infra/sqlite/feed/feed.go:90.16,92.3 1 0
github.com/cubny/lite-reader/internal/infra/sqlite/feed/feed.go:93.2,94.16 2 0
github.com/cubny/lite-reader/internal/infra/sqlite/feed/feed.go:94.16,96.3 1 0
github.com/cubny/lite-reader/internal/infra/sqlite/feed/feed.go:97.2,106.8 1 0
github.com/cubny/lite-reader/internal/infra/sqlite/item/item.go:16.32,18.2 1 0
github.com/cubny/lite-reader/internal/infra/sqlite/item/item.go:20.53,23.16 3 0
github.com/cubny/lite-reader/internal/infra/sqlite/item/item.go:23.16,25.3 1 0
github.com/cubny/lite-reader/internal/infra/sqlite/item/item.go:26.2,26.30 1 0
github.com/cubny/lite-reader/internal/infra/sqlite/item/item.go:29.54,32.16 3 0
github.com/cubny/lite-reader/internal/infra/sqlite/item/item.go:32.16,34.3 1 0
github.com/cubny/lite-reader/internal/infra/sqlite/item/item.go:35.2,35.30 1 0
github.com/cubny/lite-reader/internal/infra/sqlite/item/item.go:38.61,41.16 3 0
github.com/cubny/lite-reader/internal/infra/sqlite/item/item.go:41.16,43.3 1 0
github.com/cubny/lite-reader/internal/infra/sqlite/item/item.go:44.2,44.30 1 0
github.com/cubny/lite-reader/internal/infra/sqlite/item/item.go:47.57,58.16 11 0
github.com/cubny/lite-reader/internal/infra/sqlite/item/item.go:58.16,60.3 1 0
github.com/cubny/lite-reader/internal/infra/sqlite/item/item.go:61.2,70.8 1 0
github.com/cubny/lite-reader/internal/infra/sqlite/item/item.go:73.60,75.20 2 0
github.com/cubny/lite-reader/internal/infra/sqlite/item/item.go:75.20,77.17 2 0
github.com/cubny/lite-reader/internal/infra/sqlite/item/item.go:77.17,79.4 1 0
github.com/cubny/lite-reader/internal/infra/sqlite/item/item.go:80.3,80.27 1 0
github.com/cubny/lite-reader/internal/infra/sqlite/item/item.go:82.2,82.39 1 0
github.com/cubny/lite-reader/internal/infra/sqlite/item/item.go:82.39,84.3 1 0
github.com/cubny/lite-reader/internal/infra/sqlite/item/item.go:85.2,85.19 1 0
github.com/cubny/lite-reader/internal/infra/sqlite/item/item.go:88.64,89.26 1 0
github.com/cubny/lite-reader/internal/infra/sqlite/item/item.go:89.26,91.17 2 0
github.com/cubny/lite-reader/internal/infra/sqlite/item/item.go:91.17,93.4 1 0
github.com/cubny/lite-reader/internal/infra/sqlite/item/item.go:95.2,95.12 1 0
github.com/cubny/lite-reader/internal/infra/sqlite/item/item.go:98.64,101.16 2 0
github.com/cubny/lite-reader/internal/infra/sqlite/item/item.go:101.16,103.3 1 0
github.com/cubny/lite-reader/internal/infra/sqlite/item/item.go:104.2,105.19 2 0
github.com/cubny/lite-reader/internal/infra/sqlite/item/item.go:105.19,107.17 2 0
github.com/cubny/lite-reader/internal/infra/sqlite/item/item.go:107.17,109.4 1 0
github.com/cubny/lite-reader/internal/infra/sqlite/item/item.go:111.2,111.51 1 0
github.com/cubny/lite-reader/internal/infra/sqlite/item/item.go:111.51,113.3 1 0
github.com/cubny/lite-reader/internal/infra/sqlite/item/item.go:115.2,115.13 1 0
github.com/cubny/lite-reader/internal/infra/sqlite/item/item.go:115.13,117.3 1 0
github.com/cubny/lite-reader/internal/infra/sqlite/item/item.go:119.2,121.20 3 0
github.com/cubny/lite-reader/internal/infra/sqlite/item/item.go:121.20,123.3 1 0
github.com/cubny/lite-reader/internal/infra/sqlite/item/item.go:124.2,125.28 2 0
github.com/cubny/lite-reader/internal/infra/sqlite/item/item.go:125.28,127.3 1 0
github.com/cubny/lite-reader/internal/infra/sqlite/item/item.go:128.2,128.31 1 0
github.com/cubny/lite-reader/internal/infra/sqlite/item/item.go:131.60,133.16 2 0
github.com/cubny/lite-reader/internal/infra/sqlite/item/item.go:133.16,135.3 1 0
github.com/cubny/lite-reader/internal/infra/sqlite/item/item.go:136.2,136.12 1 0
github.com/cubny/lite-reader/internal/infra/sqlite/item/item.go:139.46,141.16 2 0
github.com/cubny/lite-reader/internal/infra/sqlite/item/item.go:141.16,143.3 1 0
github.com/cubny/lite-reader/internal/infra/sqlite/item/item.go:144.2,144.12 1 0
github.com/cubny/lite-reader/internal/infra/sqlite/item/item.go:147.48,149.16 2 0
github.com/cubny/lite-reader/internal/infra/sqlite/item/item.go:149.16,151.3 1 0
github.com/cubny/lite-reader/internal/infra/sqlite/item/item.go:152.2,152.12 1 0
github.com/cubny/lite-reader/internal/infra/sqlite/item/item.go:155.49,157.16 2 0
github.com/cubny/lite-reader/internal/infra/sqlite/item/item.go:157.16,159.3 1 0
github.com/cubny/lite-reader/internal/infra/sqlite/item/item.go:160.2,161.19 2 0
github.com/cubny/lite-reader/internal/infra/sqlite/item/item.go:161.19,163.17 2 0
github.com/cubny/lite-reader/internal/infra/sqlite/item/item.go:163.17,165.4 1 0
github.com/cubny/lite-reader/internal/infra/sqlite/item/item.go:167.2,167.39 1 0
github.com/cubny/lite-reader/internal/infra/sqlite/item/item.go:167.39,169.3 1 0
github.com/cubny/lite-reader/internal/infra/sqlite/item/item.go:170.2,170.19 1 0
github.com/cubny/lite-reader/internal/infra/sqlite/item/item.go:173.50,175.16 2 0
github.com/cubny/lite-reader/internal/infra/sqlite/item/item.go:175.16,177.3 1 0
github.com/cubny/lite-reader/internal/infra/sqlite/item/item.go:178.2,179.19 2 0
github.com/cubny/lite-reader/internal/infra/sqlite/item/item.go:179.19,181.17 2 0
github.com/cubny/lite-reader/internal/infra/sqlite/item/item.go:181.17,183.4 1 0
github.com/cubny/lite-reader/internal/infra/sqlite/item/item.go:185.2,185.39 1 0
github.com/cubny/lite-reader/internal/infra/sqlite/item/item.go:185.39,187.3 1 0
github.com/cubny/lite-reader/internal/infra/sqlite/item/item.go:188.2,188.19 1 0
github.com/cubny/lite-reader/internal/infra/sqlite/item/item.go:191.48,194.2 2 0
github.com/cubny/lite-reader/internal/mocks/app/auth/repo_mock.go:33.57,37.2 3 0
github.com/cubny/lite-reader/internal/mocks/app/auth/repo_mock.go:40.55,42.2 1 0
github.com/cubny/lite-reader/internal/mocks/app/auth/repo_mock.go:45.71,51.2 5 0
github.com/cubny/lite-reader/internal/mocks/app/auth/repo_mock.go:54.74,57.2 2 0
github.com/cubny/lite-reader/internal/mocks/app/auth/repo_mock.go:60.63,65.2 4 0
github.com/cubny/lite-reader/internal/mocks/app/auth/repo_mock.go:68.80,71.2 2 0
github.com/cubny/lite-reader/internal/mocks/app/auth/repo_mock.go:74.58,80.2 5 0
github.com/cubny/lite-reader/internal/mocks/app/auth/repo_mock.go:83.62,86.2 2 0
github.com/cubny/lite-reader/internal/mocks/app/auth/repo_mock.go:89.77,95.2 5 0
github.com/cubny/lite-reader/internal/mocks/app/auth/repo_mock.go:98.77,101.2 2 0
github.com/cubny/lite-reader/internal/mocks/app/auth/repo_mock.go:104.71,110.2 5 0
github.com/cubny/lite-reader/internal/mocks/app/auth/repo_mock.go:113.74,116.2 2 0
github.com/cubny/lite-reader/internal/mocks/app/feed/finder_mock.go:31.49,35.2 3 0
github.com/cubny/lite-reader/internal/mocks/app/feed/finder_mock.go:38.47,40.2 1 0
github.com/cubny/lite-reader/internal/mocks/app/feed/finder_mock.go:43.58,49.2 5 0
github.com/cubny/lite-reader/internal/mocks/app/feed/finder_mock.go:52.63,55.2 2 0
github.com/cubny/lite-reader/internal/mocks/app/feed/parser_mock.go:32.49,36.2 3 0
github.com/cubny/lite-reader/internal/mocks/app/feed/parser_mock.go:39.47,41.2 1 0
github.com/cubny/lite-reader/internal/mocks/app/feed/parser_mock.go:44.61,50.2 5 0
github.com/cubny/lite-reader/internal/mocks/app/feed/parser_mock.go:53.62,56.2 2 0
github.com/cubny/lite-reader/internal/mocks/app/feed/repo_mock.go:33.57,37.2 3 0
github.com/cubny/lite-reader/internal/mocks/app/feed/repo_mock.go:40.55,42.2 1 0
github.com/cubny/lite-reader/internal/mocks/app/feed/repo_mock.go:45.60,51.2 5 0
github.com/cubny/lite-reader/internal/mocks/app/feed/repo_mock.go:54.66,57.2 2 0
github.com/cubny/lite-reader/internal/mocks/app/feed/repo_mock.go:60.47,65.2 4 0
github.com/cubny/lite-reader/internal/mocks/app/feed/repo_mock.go:68.67,71.2 2 0
github.com/cubny/lite-reader/internal/mocks/app/feed/repo_mock.go:74.58,80.2 5 0
github.com/cubny/lite-reader/internal/mocks/app/feed/repo_mock.go:83.64,86.2 2 0
github.com/cubny/lite-reader/internal/mocks/app/feed/repo_mock.go:89.66,95.2 5 0
github.com/cubny/lite-reader/internal/mocks/app/feed/repo_mock.go:98.70,101.2 2 0
github.com/cubny/lite-reader/internal/mocks/app/item/repo_mock.go:33.57,37.2 3 0
github.com/cubny/lite-reader/internal/mocks/app/item/repo_mock.go:40.55,42.2 1 0
github.com/cubny/lite-reader/internal/mocks/app/item/repo_mock.go:45.56,50.2 4 0
github.com/cubny/lite-reader/internal/mocks/app/item/repo_mock.go:53.76,56.2 2 0
github.com/cubny/lite-reader/internal/mocks/app/item/repo_mock.go:59.69,65.2 5 0
github.com/cubny/lite-reader/internal/mocks/app/item/repo_mock.go:68.73,71.2 2 0
github.com/cubny/lite-reader/internal/mocks/app/item/repo_mock.go:74.62,80.2 5 0
github.com/cubny/lite-reader/internal/mocks/app/item/repo_mock.go:83.66,86.2 2 0
github.com/cubny/lite-reader/internal/mocks/app/item/repo_mock.go:89.58,95.2 5 0
github.com/cubny/lite-reader/internal/mocks/app/item/repo_mock.go:98.71,101.2 2 0
github.com/cubny/lite-reader/internal/mocks/app/item/repo_mock.go:104.61,110.2 5 0
github.com/cubny/lite-reader/internal/mocks/app/item/repo_mock.go:113.65,116.2 2 0
github.com/cubny/lite-reader/internal/mocks/app/item/repo_mock.go:119.57,125.2 5 0
github.com/cubny/lite-reader/internal/mocks/app/item/repo_mock.go:128.70,131.2 2 0
github.com/cubny/lite-reader/internal/mocks/app/item/repo_mock.go:134.54,139.2 4 0
github.com/cubny/lite-reader/internal/mocks/app/item/repo_mock.go:142.74,145.2 2 0
github.com/cubny/lite-reader/internal/mocks/app/item/repo_mock.go:148.56,153.2 4 0
github.com/cubny/lite-reader/internal/mocks/app/item/repo_mock.go:156.76,159.2 2 0
github.com/cubny/lite-reader/internal/mocks/app/item/repo_mock.go:162.68,167.2 4 0
github.com/cubny/lite-reader/internal/mocks/app/item/repo_mock.go:170.83,173.2 2 0
github.com/cubny/lite-reader/internal/mocks/app/item/repo_mock.go:176.72,181.2 4 0
github.com/cubny/lite-reader/internal/mocks/app/item/repo_mock.go:184.79,187.2 2 0
github.com/cubny/lite-reader/internal/mocks/infra/http/api/auth_mock.go:33.59,37.2 3 0
github.com/cubny/lite-reader/internal/mocks/infra/http/api/auth_mock.go:40.57,42.2 1 0
github.com/cubny/lite-reader/internal/mocks/infra/http/api/auth_mock.go:45.59,51.2 5 0
github.com/cubny/lite-reader/internal/mocks/infra/http/api/auth_mock.go:54.63,57.2 2 0
github.com/cubny/lite-reader/internal/mocks/infra/http/api/auth_mock.go:60.71,66.2 5 0
github.com/cubny/lite-reader/internal/mocks/infra/http/api/auth_mock.go:69.71,72.2 2 0
github.com/cubny/lite-reader/internal/mocks/infra/http/api/auth_mock.go:75.86,81.2 5 0
github.com/cubny/lite-reader/internal/mocks/infra/http/api/auth_mock.go:84.68,87.2 2 0
github.com/cubny/lite-reader/internal/mocks/infra/http/api/auth_mock.go:90.65,95.2 4 0
github.com/cubny/lite-reader/internal/mocks/infra/http/api/auth_mock.go:98.69,101.2 2 0
github.com/cubny/lite-reader/internal/mocks/infra/http/api/feed_mock.go:34.59,38.2 3 0
github.com/cubny/lite-reader/internal/mocks/infra/http/api/feed_mock.go:41.57,43.2 1 0
github.com/cubny/lite-reader/internal/mocks/infra/http/api/feed_mock.go:46.81,52.2 5 0
github.com/cubny/lite-reader/internal/mocks/infra/http/api/feed_mock.go:55.70,58.2 2 0
github.com/cubny/lite-reader/internal/mocks/infra/http/api/feed_mock.go:61.73,66.2 4 0
github.com/cubny/lite-reader/internal/mocks/infra/http/api/feed_mock.go:69.73,72.2 2 0
github.com/cubny/lite-reader/internal/mocks/infra/http/api/feed_mock.go:75.66,81.2 5 0
github.com/cubny/lite-reader/internal/mocks/infra/http/api/feed_mock.go:84.70,87.2 2 0
github.com/cubny/lite-reader/internal/mocks/infra/http/api/feed_mock.go:90.67,96.2 5 0
github.com/cubny/lite-reader/internal/mocks/infra/http/api/feed_mock.go:99.71,102.2 2 0
github.com/cubny/lite-reader/internal/mocks/infra/http/api/item_mock.go:33.59,37.2 3 0
github.com/cubny/lite-reader/internal/mocks/infra/http/api/item_mock.go:40.57,42.2 1 0
github.com/cubny/lite-reader/internal/mocks/infra/http/api/item_mock.go:45.80,50.2 4 0
github.com/cubny/lite-reader/internal/mocks/infra/http/api/item_mock.go:53.75,56.2 2 0
github.com/cubny/lite-reader/internal/mocks/infra/http/api/item_mock.go:59.90,65.2 5 0
github.com/cubny/lite-reader/internal/mocks/infra/http/api/item_mock.go:68.72,71.2 2 0
github.com/cubny/lite-reader/internal/mocks/infra/http/api/item_mock.go:74.63,80.2 5 0
github.com/cubny/lite-reader/internal/mocks/infra/http/api/item_mock.go:83.67,86.2 2 0
github.com/cubny/lite-reader/internal/mocks/infra/http/api/item_mock.go:89.59,95.2 5 0
github.com/cubny/lite-reader/internal/mocks/infra/http/api/item_mock.go:98.72,101.2 2 0
github.com/cubny/lite-reader/internal/mocks/infra/http/api/item_mock.go:104.62,110.2 5 0
github.com/cubny/lite-reader/internal/mocks/infra/http/api/item_mock.go:113.66,116.2 2 0
github.com/cubny/lite-reader/internal/mocks/infra/http/api/item_mock.go:119.58,125.2 5 0
github.com/cubny/lite-reader/internal/mocks/infra/http/api/item_mock.go:128.71,131.2 2 0
github.com/cubny/lite-reader/internal/mocks/infra/http/api/item_mock.go:134.76,139.2 4 0
github.com/cubny/lite-reader/internal/mocks/infra/http/api/item_mock.go:142.73,145.2 2 0
github.com/cubny/lite-reader/internal/mocks/infra/http/api/item_mock.go:148.80,153.2 4 0
github.com/cubny/lite-reader/internal/mocks/infra/http/api/item_mock.go:156.75,159.2 2 0
github.com/cubny/lite-reader/internal/mocks/infra/http/api/item_mock.go:162.70,167.2 4 0
github.com/cubny/lite-reader/internal/mocks/infra/http/api/item_mock.go:170.70,173.2 2 0
github.com/cubny/lite-reader/internal/mocks/infra/http/api/item_mock.go:176.75,181.2 4 0
github.com/cubny/lite-reader/internal/mocks/infra/http/api/item_mock.go:184.74,187.2 2 0
github.com/cubny/lite-reader/internal/mocks/infra/job/dependencies_mock.go:35.59,39.2 3 0
github.com/cubny/lite-reader/internal/mocks/infra/job/dependencies_mock.go:42.57,44.2 1 0
github.com/cubny/lite-reader/internal/mocks/infra/job/dependencies_mock.go:47.68,53.2 5 0
github.com/cubny/lite-reader/internal/mocks/infra/job/dependencies_mock.go:56.72,59.2 2 0
github.com/cubny/lite-reader/internal/mocks/infra/job/dependencies_mock.go:62.67,68.2 5 0
github.com/cubny/lite-reader/internal/mocks/infra/job/dependencies_mock.go:71.71,74.2 2 0
github.com/cubny/lite-reader/internal/mocks/infra/job/dependencies_mock.go:89.59,93.2 3 0
github.com/cubny/lite-reader/internal/mocks/infra/job/dependencies_mock.go:96.57,98.2 1 0
github.com/cubny/lite-reader/internal/mocks/infra/job/dependencies_mock.go:101.75,106.2 4 0
github.com/cubny/lite-reader/internal/mocks/infra/job/dependencies_mock.go:109.74,112.2 2 0
github.com/cubny/lite-reader/internal/mocks/infra/job/dependencies_mock.go:127.59,131.2 3 0
github.com/cubny/lite-reader/internal/mocks/infra/job/dependencies_mock.go:134.57,136.2 1 0
github.com/cubny/lite-reader/internal/mocks/infra/job/dependencies_mock.go:139.59,145.2 5 0
github.com/cubny/lite-reader/internal/mocks/infra/job/dependencies_mock.go:148.63,151.2 2 0
github.com/cubny/lite-reader/internal/infra/http/api/errors.go:28.66,31.19 2 32
github.com/cubny/lite-reader/internal/infra/http/api/errors.go:32.24,33.31 1 15
github.com/cubny/lite-reader/internal/infra/http/api/errors.go:34.21,35.28 1 8
github.com/cubny/lite-reader/internal/infra/http/api/errors.go:36.24,37.31 1 8
github.com/cubny/lite-reader/internal/infra/http/api/errors.go:38.19,39.26 1 1
github.com/cubny/lite-reader/internal/infra/http/api/errors.go:40.10,42.30 2 0
github.com/cubny/lite-reader/internal/infra/http/api/errors.go:45.2,45.19 1 32
github.com/cubny/lite-reader/internal/infra/http/api/errors.go:45.19,47.3 1 32
github.com/cubny/lite-reader/internal/infra/http/api/errors.go:49.2,49.10 1 32
github.com/cubny/lite-reader/internal/infra/http/api/errors.go:52.71,63.2 4 32
github.com/cubny/lite-reader/internal/infra/http/api/errors.go:66.65,68.2 1 15
github.com/cubny/lite-reader/internal/infra/http/api/errors.go:71.62,73.2 1 8
github.com/cubny/lite-reader/internal/infra/http/api/errors.go:76.65,78.2 1 8
github.com/cubny/lite-reader/internal/infra/http/api/errors.go:81.60,83.2 1 1
github.com/cubny/lite-reader/internal/infra/http/api/feed.go:26.87,28.16 2 5
github.com/cubny/lite-reader/internal/infra/http/api/feed.go:28.16,30.3 1 3
github.com/cubny/lite-reader/internal/infra/http/api/feed.go:32.2,35.16 3 2
github.com/cubny/lite-reader/internal/infra/http/api/feed.go:35.16,39.3 3 1
github.com/cubny/lite-reader/internal/infra/http/api/feed.go:41.2,42.72 2 1
github.com/cubny/lite-reader/internal/infra/http/api/feed.go:42.72,45.3 2 0
github.com/cubny/lite-reader/internal/infra/http/api/feed.go:47.89,51.16 4 0
github.com/cubny/lite-reader/internal/infra/http/api/feed.go:51.16,55.3 3 0
github.com/cubny/lite-reader/internal/infra/http/api/feed.go:57.2,58.76 2 0
github.com/cubny/lite-reader/internal/infra/http/api/feed.go:58.76,62.3 3 0
github.com/cubny/lite-reader/internal/infra/http/api/feed.go:65.92,67.16 2 3
github.com/cubny/lite-reader/internal/infra/http/api/feed.go:67.16,69.3 1 1
github.com/cubny/lite-reader/internal/infra/http/api/feed.go:71.2,72.16 2 2
github.com/cubny/lite-reader/internal/infra/http/api/feed.go:72.16,75.3 2 1
github.com/cubny/lite-reader/internal/infra/http/api/feed.go:77.2,81.56 4 1
github.com/cubny/lite-reader/internal/infra/http/api/feed.go:81.56,85.3 3 0
github.com/cubny/lite-reader/internal/infra/http/api/feed.go:88.97,90.16 2 5
github.com/cubny/lite-reader/internal/infra/http/api/feed.go:90.16,93.3 2 1
github.com/cubny/lite-reader/internal/infra/http/api/feed.go:95.2,96.16 2 4
github.com/cubny/lite-reader/internal/infra/http/api/feed.go:96.16,100.3 3 1
github.com/cubny/lite-reader/internal/infra/http/api/feed.go:102.2,103.82 2 3
github.com/cubny/lite-reader/internal/infra/http/api/feed.go:103.82,107.3 3 1
github.com/cubny/lite-reader/internal/infra/http/api/feed.go:109.2,111.16 3 2
github.com/cubny/lite-reader/internal/infra/http/api/feed.go:111.16,115.3 3 1
github.com/cubny/lite-reader/internal/infra/http/api/feed.go:117.2,118.77 2 1
github.com/cubny/lite-reader/internal/infra/http/api/feed.go:118.77,122.3 3 0
github.com/cubny/lite-reader/internal/infra/http/api/feed.go:125.93,127.16 2 3
github.com/cubny/lite-reader/internal/infra/http/api/feed.go:127.16,129.3 1 1
github.com/cubny/lite-reader/internal/infra/http/api/feed.go:131.2,131.61 1 2
github.com/cubny/lite-reader/internal/infra/http/api/feed.go:131.61,134.3 2 1
github.com/cubny/lite-reader/internal/infra/http/api/feed.go:136.2,136.37 1 1
github.com/cubny/lite-reader/internal/infra/http/api/feed.go:139.95,141.16 2 3
github.com/cubny/lite-reader/internal/infra/http/api/feed.go:141.16,143.3 1 1
github.com/cubny/lite-reader/internal/infra/http/api/feed.go:145.2,145.63 1 2
github.com/cubny/lite-reader/internal/infra/http/api/feed.go:145.63,148.3 2 1
github.com/cubny/lite-reader/internal/infra/http/api/feed.go:150.2,150.37 1 1
github.com/cubny/lite-reader/internal/infra/http/api/feed.go:153.90,155.16 2 4
github.com/cubny/lite-reader/internal/infra/http/api/feed.go:155.16,157.3 1 1
github.com/cubny/lite-reader/internal/infra/http/api/feed.go:159.2,160.16 2 3
github.com/cubny/lite-reader/internal/infra/http/api/feed.go:160.16,162.3 1 0
github.com/cubny/lite-reader/internal/infra/http/api/feed.go:164.2,164.74 1 3
github.com/cubny/lite-reader/internal/infra/http/api/feed.go:164.74,167.3 2 1
github.com/cubny/lite-reader/internal/infra/http/api/feed.go:169.2,169.58 1 2
github.com/cubny/lite-reader/internal/infra/http/api/feed.go:169.58,172.3 2 1
github.com/cubny/lite-reader/internal/infra/http/api/feed.go:174.2,174.37 1 1
github.com/cubny/lite-reader/internal/infra/http/api/item.go:11.90,13.16 2 4
github.com/cubny/lite-reader/internal/infra/http/api/item.go:13.16,15.3 1 2
github.com/cubny/lite-reader/internal/infra/http/api/item.go:17.2,17.58 1 2
github.com/cubny/lite-reader/internal/infra/http/api/item.go:17.58,20.3 2 1
github.com/cubny/lite-reader/internal/infra/http/api/item.go:22.2,22.37 1 1
github.com/cubny/lite-reader/internal/infra/http/api/item.go:25.95,27.16 2 2
github.com/cubny/lite-reader/internal/infra/http/api/item.go:27.16,30.3 2 1
github.com/cubny/lite-reader/internal/infra/http/api/item.go:32.2,33.77 2 1
github.com/cubny/lite-reader/internal/infra/http/api/item.go:33.77,37.3 3 0
github.com/cubny/lite-reader/internal/infra/http/api/item.go:40.94,42.16 2 2
github.com/cubny/lite-reader/internal/infra/http/api/item.go:42.16,45.3 2 1
github.com/cubny/lite-reader/internal/infra/http/api/item.go:47.2,48.77 2 1
github.com/cubny/lite-reader/internal/infra/http/api/item.go:48.77,52.3 3 0
github.com/cubny/lite-reader/internal/infra/http/api/item.go:55.99,57.16 2 2
github.com/cubny/lite-reader/internal/infra/http/api/item.go:57.16,60.3 2 1
github.com/cubny/lite-reader/internal/infra/http/api/item.go:62.2,63.82 2 1
github.com/cubny/lite-reader/internal/infra/http/api/item.go:63.82,67.3 3 0
github.com/cubny/lite-reader/internal/infra/http/api/item.go:70.100,72.16 2 2
github.com/cubny/lite-reader/internal/infra/http/api/item.go:72.16,75.3 2 1
github.com/cubny/lite-reader/internal/infra/http/api/item.go:77.2,78.82 2 1
github.com/cubny/lite-reader/internal/infra/http/api/item.go:78.82,82.3 3 0
github.com/cubny/lite-reader/internal/infra/http/api/login.go:13.85,15.16 2 0
github.com/cubny/lite-reader/internal/infra/http/api/login.go:15.16,19.3 3 0
github.com/cubny/lite-reader/internal/infra/http/api/login.go:21.2,25.16 4 0
github.com/cubny/lite-reader/internal/infra/http/api/login.go:25.16,27.3 1 0
github.com/cubny/lite-reader/internal/infra/http/api/login.go:29.2,30.16 2 0
github.com/cubny/lite-reader/internal/infra/http/api/login.go:30.16,33.3 2 0
github.com/cubny/lite-reader/internal/infra/http/api/login.go:35.2,36.41 2 0
github.com/cubny/lite-reader/internal/infra/http/api/model.go:24.43,25.54 1 3
github.com/cubny/lite-reader/internal/infra/http/api/model.go:25.54,27.3 1 1
github.com/cubny/lite-reader/internal/infra/http/api/model.go:28.2,28.12 1 2
github.com/cubny/lite-reader/internal/infra/http/api/model.go:44.63,46.26 2 0
github.com/cubny/lite-reader/internal/infra/http/api/model.go:46.26,48.3 1 0
github.com/cubny/lite-reader/internal/infra/http/api/model.go:49.2,49.14 1 0
github.com/cubny/lite-reader/internal/infra/http/api/model.go:52.55,63.2 1 1
github.com/cubny/lite-reader/internal/infra/http/api/model.go:80.61,82.26 2 4
github.com/cubny/lite-reader/internal/infra/http/api/model.go:82.26,93.3 1 2
github.com/cubny/lite-reader/internal/infra/http/api/model.go:94.2,94.13 1 4
github.com/cubny/lite-reader/internal/infra/http/api/model.go:97.114,99.64 2 5
github.com/cubny/lite-reader/internal/infra/http/api/model.go:99.64,103.3 3 2
github.com/cubny/lite-reader/internal/infra/http/api/model.go:105.2,105.43 1 3
github.com/cubny/lite-reader/internal/infra/http/api/model.go:105.43,109.3 3 1
github.com/cubny/lite-reader/internal/infra/http/api/model.go:111.2,114.8 1 2
github.com/cubny/lite-reader/internal/infra/http/api/model.go:117.124,120.16 3 3
github.com/cubny/lite-reader/internal/infra/http/api/model.go:120.16,123.3 2 1
github.com/cubny/lite-reader/internal/infra/http/api/model.go:124.2,126.8 1 2
github.com/cubny/lite-reader/internal/infra/http/api/model.go:134.120,137.16 3 4
github.com/cubny/lite-reader/internal/infra/http/api/model.go:137.16,140.3 2 1
github.com/cubny/lite-reader/internal/infra/http/api/model.go:142.2,143.64 2 3
github.com/cubny/lite-reader/internal/infra/http/api/model.go:143.64,147.3 3 1
github.com/cubny/lite-reader/internal/infra/http/api/model.go:149.2,153.8 1 2
github.com/cubny/lite-reader/internal/infra/http/api/model.go:156.134,159.16 3 5
github.com/cubny/lite-reader/internal/infra/http/api/model.go:159.16,162.3 2 1
github.com/cubny/lite-reader/internal/infra/http/api/model.go:164.2,166.8 1 4
github.com/cubny/lite-reader/internal/infra/http/api/model.go:169.126,172.16 3 3
github.com/cubny/lite-reader/internal/infra/http/api/model.go:172.16,175.3 2 1
github.com/cubny/lite-reader/internal/infra/http/api/model.go:177.2,179.8 1 2
github.com/cubny/lite-reader/internal/infra/http/api/model.go:182.129,185.16 3 3
github.com/cubny/lite-reader/internal/infra/http/api/model.go:185.16,188.3 2 1
github.com/cubny/lite-reader/internal/infra/http/api/model.go:190.2,192.8 1 2
github.com/cubny/lite-reader/internal/infra/http/api/model.go:199.64,203.2 1 2
github.com/cubny/lite-reader/internal/infra/http/api/model.go:205.120,208.16 3 4
github.com/cubny/lite-reader/internal/infra/http/api/model.go:208.16,211.3 2 1
github.com/cubny/lite-reader/internal/infra/http/api/model.go:213.2,215.8 1 3
github.com/cubny/lite-reader/internal/infra/http/api/model.go:218.130,221.16 3 3
github.com/cubny/lite-reader/internal/infra/http/api/model.go:221.16,224.3 2 0
github.com/cubny/lite-reader/internal/infra/http/api/model.go:226.2,228.8 1 3
github.com/cubny/lite-reader/internal/infra/http/api/model.go:236.41,237.39 1 0
github.com/cubny/lite-reader/internal/infra/http/api/model.go:237.39,239.3 1 0
github.com/cubny/lite-reader/internal/infra/http/api/model.go:240.2,240.12 1 0
github.com/cubny/lite-reader/internal/infra/http/api/model.go:243.110,245.64 2 0
github.com/cubny/lite-reader/internal/infra/http/api/model.go:245.64,249.3 3 0
github.com/cubny/lite-reader/internal/infra/http/api/model.go:251.2,251.43 1 0
github.com/cubny/lite-reader/internal/infra/http/api/model.go:251.43,255.3 3 0
github.com/cubny/lite-reader/internal/infra/http/api/model.go:257.2,260.8 1 0
github.com/cubny/lite-reader/internal/infra/http/api/model.go:268.42,269.39 1 3
github.com/cubny/lite-reader/internal/infra/http/api/model.go:269.39,271.3 1 1
github.com/cubny/lite-reader/internal/infra/http/api/model.go:272.2,272.12 1 2
github.com/cubny/lite-reader/internal/infra/http/api/model.go:275.112,277.64 2 5
github.com/cubny/lite-reader/internal/infra/http/api/model.go:277.64,281.3 3 2
github.com/cubny/lite-reader/internal/infra/http/api/model.go:283.2,283.43 1 3
github.com/cubny/lite-reader/internal/infra/http/api/model.go:283.43,287.3 3 1
github.com/cubny/lite-reader/internal/infra/http/api/model.go:289.2,292.8 1 2
github.com/cubny/lite-reader/internal/infra/http/api/router.go:67.102,101.2 21 40
github.com/cubny/lite-reader/internal/infra/http/api/router.go:103.86,106.16 3 0
github.com/cubny/lite-reader/internal/infra/http/api/router.go:106.16,108.3 1 0
github.com/cubny/lite-reader/internal/infra/http/api/signup.go:12.86,14.16 2 5
github.com/cubny/lite-reader/internal/infra/http/api/signup.go:14.16,18.3 3 0
github.com/cubny/lite-reader/internal/infra/http/api/signup.go:19.2,23.16 4 5
github.com/cubny/lite-reader/internal/infra/http/api/signup.go:23.16,25.3 1 3
github.com/cubny/lite-reader/internal/infra/http/api/signup.go:27.2,27.54 1 2
github.com/cubny/lite-reader/internal/infra/http/api/signup.go:27.54,30.3 2 1
github.com/cubny/lite-reader/internal/infra/http/api/signup.go:32.2,32.35 1 1
github.com/cubny/lite-reader/internal/infra/job/itemsjob.go:15.103,17.2 1 1
github.com/cubny/lite-reader/internal/infra/job/itemsjob.go:19.30,21.16 2 5
github.com/cubny/lite-reader/internal/infra/job/itemsjob.go:21.16,24.3 2 1
github.com/cubny/lite-reader/internal/infra/job/itemsjob.go:26.2,26.26 1 4
github.com/cubny/lite-reader/internal/infra/job/itemsjob.go:26.26,29.17 3 4
github.com/cubny/lite-reader/internal/infra/job/itemsjob.go:29.17,31.4 1 1
github.com/cubny/lite-reader/internal/infra/job/itemsjob.go:32.3,33.27 2 3
github.com/cubny/lite-reader/internal/infra/job/itemsjob.go:33.27,35.18 2 5
github.com/cubny/lite-reader/internal/infra/job/itemsjob.go:35.18,37.13 2 1
github.com/cubny/lite-reader/internal/infra/job/itemsjob.go:39.4,41.72 3 4
github.com/cubny/lite-reader/internal/infra/job/itemsjob.go:41.72,43.13 2 1
github.com/cubny/lite-reader/internal/infra/job/scheduler.go:14.54,19.2 1 0
github.com/cubny/lite-reader/internal/infra/job/scheduler.go:21.29,22.12 1 0
github.com/cubny/lite-reader/internal/infra/job/scheduler.go:22.12,25.7 2 0
github.com/cubny/lite-reader/internal/infra/job/scheduler.go:25.7,26.11 1 0
github.com/cubny/lite-reader/internal/infra/job/scheduler.go:27.26,28.18 1 0
github.com/cubny/lite-reader/internal/infra/job/scheduler.go:29.20,30.30 1 0
github.com/cubny/lite-reader/internal/infra/job/scheduler.go:30.30,32.6 1 0
github.com/cubny/lite-reader/internal/infra/job/scheduler.go:37.67,38.12 1 0
github.com/cubny/lite-reader/internal/infra/job/scheduler.go:38.12,41.3 2 0
